2022-02-01 14:46:09.875 INFO  (main) [   ] o.e.j.u.log Logging initialized @558ms to org.eclipse.jetty.util.log.Slf4jLog
2022-02-01 14:46:10.017 INFO  (main) [   ] o.e.j.s.Server jetty-9.4.44.v20210927; built: 2021-09-27T23:02:44.612Z; git: 8da83308eeca865e495e53ef315a249d63ba9332; jvm 11.0.13+8-Ubuntu-0ubuntu1.20.04
2022-02-01 14:46:10.026 INFO  (main) [   ] o.e.j.d.p.ScanningAppProvider Deployment monitor [file:///usr/local/boss/solr/vendor/server/contexts/] at interval 0
2022-02-01 14:46:10.158 INFO  (main) [   ] o.e.j.w.StandardDescriptorProcessor NO JSP Support for /solr, did not find org.apache.jasper.servlet.JspServlet
2022-02-01 14:46:10.165 INFO  (main) [   ] o.e.j.s.session DefaultSessionIdManager workerName=node0
2022-02-01 14:46:10.165 INFO  (main) [   ] o.e.j.s.session No SessionScavenger set, using defaults
2022-02-01 14:46:10.166 INFO  (main) [   ] o.e.j.s.session node0 Scavenging every 600000ms
2022-02-01 14:46:10.200 INFO  (main) [   ] o.a.s.s.SolrDispatchFilter Using logger factory org.apache.logging.slf4j.Log4jLoggerFactory
2022-02-01 14:46:10.212 INFO  (main) [   ] o.a.s.s.SolrDispatchFilter  ___      _       Welcome to Apache Solr™ version 8.11.1
2022-02-01 14:46:10.212 INFO  (main) [   ] o.a.s.s.SolrDispatchFilter / __| ___| |_ _   Starting in standalone mode on port 8080
2022-02-01 14:46:10.212 INFO  (main) [   ] o.a.s.s.SolrDispatchFilter \__ \/ _ \ | '_|  Install dir: /usr/local/boss/solr/vendor
2022-02-01 14:46:10.212 INFO  (main) [   ] o.a.s.s.SolrDispatchFilter |___/\___/_|_|    Start time: 2022-02-01T14:46:10.212883Z
2022-02-01 14:46:10.230 INFO  (main) [   ] o.a.s.c.SolrPaths Using system property solr.solr.home: /usr/local/boss/solr/vufind
2022-02-01 14:46:10.231 INFO  (main) [   ] o.a.s.c.SolrXmlConfig Loading container configuration from /usr/local/boss/solr/vufind/solr.xml
2022-02-01 14:46:10.276 INFO  (main) [   ] o.a.s.c.SolrXmlConfig MBean server found: com.sun.jmx.mbeanserver.JmxMBeanServer@5c80cf32, but no JMX reporters were configured - adding default JMX reporter.
2022-02-01 14:46:10.623 INFO  (main) [   ] o.a.s.h.c.HttpShardHandlerFactory Host whitelist initialized: WhitelistHostChecker [whitelistHosts=null, whitelistHostCheckingEnabled=true]
2022-02-01 14:46:10.716 WARN  (main) [   ] o.e.j.u.s.S.config Trusting all certificates configured for Client@624a24f6[provider=null,keyStore=null,trustStore=null]
2022-02-01 14:46:10.716 WARN  (main) [   ] o.e.j.u.s.S.config No Client EndPointIdentificationAlgorithm configured for Client@624a24f6[provider=null,keyStore=null,trustStore=null]
2022-02-01 14:46:10.821 WARN  (main) [   ] o.e.j.u.s.S.config Trusting all certificates configured for Client@bbf9e07[provider=null,keyStore=null,trustStore=null]
2022-02-01 14:46:10.821 WARN  (main) [   ] o.e.j.u.s.S.config No Client EndPointIdentificationAlgorithm configured for Client@bbf9e07[provider=null,keyStore=null,trustStore=null]
2022-02-01 14:46:10.850 WARN  (main) [   ] o.a.s.c.CoreContainer Not all security plugins configured!  authentication=disabled authorization=disabled.  Solr is only as secure as you make it. Consider configuring authentication/authorization before exposing Solr to users internal or external.  See https://s.apache.org/solrsecurity for more info
2022-02-01 14:46:10.959 INFO  (main) [   ] o.a.s.c.TransientSolrCoreCacheDefault Allocating transient core cache for max 2147483647 cores with initial capacity of 1024
2022-02-01 14:46:10.964 INFO  (main) [   ] o.a.s.h.a.MetricsHistoryHandler No .system collection, keeping metrics history in memory.
2022-02-01 14:46:11.011 INFO  (main) [   ] o.a.s.m.r.SolrJmxReporter JMX monitoring for 'solr.node' (registry 'solr.node') enabled at server: com.sun.jmx.mbeanserver.JmxMBeanServer@5c80cf32
2022-02-01 14:46:11.011 INFO  (main) [   ] o.a.s.m.r.SolrJmxReporter JMX monitoring for 'solr.jvm' (registry 'solr.jvm') enabled at server: com.sun.jmx.mbeanserver.JmxMBeanServer@5c80cf32
2022-02-01 14:46:11.012 INFO  (main) [   ] o.a.s.m.r.SolrJmxReporter JMX monitoring for 'solr.jetty' (registry 'solr.jetty') enabled at server: com.sun.jmx.mbeanserver.JmxMBeanServer@5c80cf32
2022-02-01 14:46:11.030 INFO  (main) [   ] o.a.s.c.CorePropertiesLocator Found 4 core definitions underneath /usr/local/boss/solr/vufind
2022-02-01 14:46:11.030 INFO  (main) [   ] o.a.s.c.CorePropertiesLocator Cores are: [reserves, authority, biblio, website]
2022-02-01 14:46:11.059 INFO  (coreLoadExecutor-13-thread-1) [   x:biblio] o.a.s.c.SolrResourceLoader Added 14 libs to classloader, from paths: [/usr/local/boss/solr/vendor/contrib/analysis-extras/lib, /usr/local/boss/solr/vendor/contrib/analysis-extras/lucene-libs, /usr/local/boss/solr/vufind/jars]
2022-02-01 14:46:11.071 INFO  (main) [   ] o.e.j.s.h.ContextHandler Started o.e.j.w.WebAppContext@62e70ea3{/solr,file:///usr/local/boss/solr/vendor/server/solr-webapp/webapp/,AVAILABLE}{/usr/local/boss/solr/vendor/server/solr-webapp/webapp}
2022-02-01 14:46:11.082 INFO  (main) [   ] o.e.j.s.AbstractConnector Started ServerConnector@4e858e0a{HTTP/1.1, (http/1.1, h2c)}{0.0.0.0:8080}
2022-02-01 14:46:11.083 INFO  (main) [   ] o.e.j.s.Server Started @1767ms
2022-02-01 14:46:11.186 INFO  (coreLoadExecutor-13-thread-1) [   x:biblio] o.a.s.c.SolrConfig Using Lucene MatchVersion: 8.11.1
2022-02-01 14:46:11.192 WARN  (coreLoadExecutor-13-thread-1) [   x:biblio] o.a.s.c.SolrConfig solrconfig.xml: <HashDocSet> is deprecated and no longer used.
2022-02-01 14:46:11.211 WARN  (coreLoadExecutor-13-thread-1) [   x:biblio] o.a.s.c.SolrConfig solrconfig.xml: <jmx> is no longer supported, use solr.xml:/metrics/reporter section instead
2022-02-01 14:46:11.235 INFO  (coreLoadExecutor-13-thread-1) [   x:biblio] o.a.s.s.IndexSchema Schema name=VuFind Bibliographic Index
2022-02-01 14:46:11.332 INFO  (coreLoadExecutor-13-thread-1) [   x:biblio] o.a.s.s.IndexSchema Loaded schema VuFind Bibliographic Index/1.2 with uniqueid field id
2022-02-01 14:46:11.400 INFO  (coreLoadExecutor-13-thread-1) [   x:biblio] o.a.s.c.CoreContainer Creating SolrCore 'biblio' using configuration from instancedir /usr/local/boss/solr/vufind/biblio, trusted=true
2022-02-01 14:46:11.427 INFO  (coreLoadExecutor-13-thread-1) [   x:biblio] o.a.s.m.r.SolrJmxReporter JMX monitoring for 'solr.core.biblio' (registry 'solr.core.biblio') enabled at server: com.sun.jmx.mbeanserver.JmxMBeanServer@5c80cf32
2022-02-01 14:46:11.437 INFO  (coreLoadExecutor-13-thread-1) [   x:biblio] o.a.s.c.SolrCore [[biblio] ] Opening new SolrCore at [/usr/local/boss/solr/vufind/biblio], dataDir=[/usr/local/boss/solr/vufind/biblio/]
2022-02-01 14:46:11.454 INFO  (coreLoadExecutor-13-thread-1) [   x:biblio] o.a.s.r.XSLTResponseWriter xsltCacheLifetimeSeconds=5
2022-02-01 14:46:11.690 INFO  (coreLoadExecutor-13-thread-1) [   x:biblio] o.a.s.u.UpdateHandler Using UpdateLog implementation: org.apache.solr.update.UpdateLog
2022-02-01 14:46:11.690 INFO  (coreLoadExecutor-13-thread-1) [   x:biblio] o.a.s.u.UpdateLog Initializing UpdateLog: dataDir= defaultSyncLevel=FLUSH numRecordsToKeep=100 maxNumLogsToKeep=10 numVersionBuckets=65536
2022-02-01 14:46:11.696 INFO  (coreLoadExecutor-13-thread-1) [   x:biblio] o.a.s.u.CommitTracker Hard AutoCommit: if uncommitted for 15000ms; 
2022-02-01 14:46:11.696 INFO  (coreLoadExecutor-13-thread-1) [   x:biblio] o.a.s.u.CommitTracker Soft AutoCommit: disabled
2022-02-01 14:46:11.744 INFO  (coreLoadExecutor-13-thread-1) [   x:biblio] o.a.s.r.ManagedResourceStorage File-based storage initialized to use dir: /usr/local/boss/solr/vufind/biblio/conf
2022-02-01 14:46:11.751 INFO  (coreLoadExecutor-13-thread-1) [   x:biblio] o.a.s.h.c.SpellCheckComponent Initializing spell checkers
2022-02-01 14:46:11.755 INFO  (coreLoadExecutor-13-thread-1) [   x:biblio] o.a.s.h.c.SpellCheckComponent Registering newSearcher listener for spellchecker: default
2022-02-01 14:46:11.755 INFO  (coreLoadExecutor-13-thread-1) [   x:biblio] o.a.s.h.c.SpellCheckComponent Registering newSearcher listener for spellchecker: basicSpell
2022-02-01 14:46:11.756 INFO  (coreLoadExecutor-13-thread-1) [   x:biblio] o.a.s.h.c.QueryElevationComponent Loading QueryElevation from: /usr/local/boss/solr/vufind/biblio/conf/elevate.xml
2022-02-01 14:46:11.763 INFO  (coreLoadExecutor-13-thread-1) [   x:biblio] o.a.s.h.ReplicationHandler Commits will be reserved for 10000 ms
2022-02-01 14:46:11.765 INFO  (coreLoadExecutor-13-thread-1) [   x:biblio] o.a.s.u.UpdateLog Could not find max version in index or recent updates, using new clock 1723572443430256640
2022-02-01 14:46:11.848 INFO  (searcherExecutor-15-thread-1-processing-x:biblio) [   x:biblio] o.a.s.c.S.Request [biblio]  webapp=null path=null params={q=science+art+business+engineering+history&facet.field=format&distrib=false&fq=format:book&event=firstSearcher} hits=0 status=0 QTime=79
2022-02-01 14:46:11.848 INFO  (searcherExecutor-15-thread-1-processing-x:biblio) [   x:biblio] o.a.s.c.QuerySenderListener QuerySenderListener done.
2022-02-01 14:46:11.848 INFO  (searcherExecutor-15-thread-1-processing-x:biblio) [   x:biblio] o.a.s.h.c.SpellCheckComponent Loading spell index for spellchecker: default
2022-02-01 14:46:11.851 INFO  (searcherExecutor-15-thread-1-processing-x:biblio) [   x:biblio] o.a.s.h.c.SpellCheckComponent Loading spell index for spellchecker: basicSpell
2022-02-01 14:46:11.856 INFO  (searcherExecutor-15-thread-1-processing-x:biblio) [   x:biblio] o.a.s.c.SolrCore [biblio]  Registered new searcher autowarm time: 0 ms
2022-02-01 14:46:23.695 INFO  (qtp1090541608-24) [   ] o.a.s.s.HttpSolrCall [admin] webapp=null path=/admin/cores params={indexInfo=false&wt=json&_=1643726783627} status=0 QTime=1
2022-02-01 14:46:23.709 INFO  (qtp1090541608-42) [   ] o.a.s.s.HttpSolrCall [admin] webapp=null path=/admin/info/system params={wt=json&_=1643726783628} status=0 QTime=14
2022-02-01 14:46:23.712 INFO  (qtp1090541608-18) [   ] o.a.s.s.HttpSolrCall [admin] webapp=null path=/admin/info/system params={wt=json&_=1643726783628} status=0 QTime=18
2022-02-01 15:11:40.484 INFO  (ShutdownMonitor) [   ] o.e.j.s.AbstractConnector Stopped ServerConnector@4e858e0a{HTTP/1.1, (http/1.1, h2c)}{0.0.0.0:8080}
2022-02-01 15:11:40.484 INFO  (ShutdownMonitor) [   ] o.e.j.s.session node0 Stopped scavenging
2022-02-01 15:11:40.486 INFO  (ShutdownMonitor) [   ] o.a.s.c.CoreContainer Shutting down CoreContainer instance=469643779
2022-02-01 15:11:40.488 INFO  (coreCloseExecutor-21-thread-1) [   ] o.a.s.c.SolrCore [biblio]  CLOSING SolrCore org.apache.solr.core.SolrCore@7be6778c
2022-02-01 15:11:40.488 INFO  (coreCloseExecutor-21-thread-1) [   ] o.a.s.m.SolrMetricManager Closing metric reporters for registry=solr.core.biblio tag=SolrCore@7be6778c
2022-02-01 15:11:40.488 INFO  (coreCloseExecutor-21-thread-1) [   ] o.a.s.m.r.SolrJmxReporter Closing reporter [org.apache.solr.metrics.reporters.SolrJmxReporter@1746e092: rootName = null, domain = solr.core.biblio, service url = null, agent id = null] for registry solr.core.biblio/com.codahale.metrics.MetricRegistry@446e4634
2022-02-01 15:11:40.501 INFO  (coreCloseExecutor-21-thread-1) [   ] o.a.s.u.DirectUpdateHandler2 Committing on IndexWriter.close()  ... SKIPPED (unnecessary).
2022-02-01 15:11:40.506 INFO  (ShutdownMonitor) [   ] o.a.s.m.SolrMetricManager Closing metric reporters for registry=solr.node tag=null
2022-02-01 15:11:40.507 INFO  (ShutdownMonitor) [   ] o.a.s.m.r.SolrJmxReporter Closing reporter [org.apache.solr.metrics.reporters.SolrJmxReporter@26c89563: rootName = null, domain = solr.node, service url = null, agent id = null] for registry solr.node/com.codahale.metrics.MetricRegistry@5b8ce715
2022-02-01 15:11:40.510 INFO  (ShutdownMonitor) [   ] o.a.s.m.SolrMetricManager Closing metric reporters for registry=solr.jvm tag=null
2022-02-01 15:11:40.510 INFO  (ShutdownMonitor) [   ] o.a.s.m.r.SolrJmxReporter Closing reporter [org.apache.solr.metrics.reporters.SolrJmxReporter@3d64c581: rootName = null, domain = solr.jvm, service url = null, agent id = null] for registry solr.jvm/com.codahale.metrics.MetricRegistry@58df6823
2022-02-01 15:11:40.512 INFO  (ShutdownMonitor) [   ] o.a.s.m.SolrMetricManager Closing metric reporters for registry=solr.jetty tag=null
2022-02-01 15:11:40.512 INFO  (ShutdownMonitor) [   ] o.a.s.m.r.SolrJmxReporter Closing reporter [org.apache.solr.metrics.reporters.SolrJmxReporter@5ec5ea63: rootName = null, domain = solr.jetty, service url = null, agent id = null] for registry solr.jetty/com.codahale.metrics.MetricRegistry@64f98221
2022-02-01 15:11:40.520 INFO  (ShutdownMonitor) [   ] o.e.j.s.h.ContextHandler Stopped o.e.j.w.WebAppContext@62e70ea3{/solr,null,STOPPED}{/usr/local/boss/solr/vendor/server/solr-webapp/webapp}
